{
  meta: {
    req: {
      url: '/upadte',
      headers: {
        host: 'localhost:8080',
        connection: 'keep-alive',
        'sec-ch-ua': '"Not_A Brand";v="99", "Google Chrome";v="109", "Chromium";v="109"',
        'sec-ch-ua-mobile': '?0',
        'sec-ch-ua-platform': '"Windows"',
        'upgrade-insecure-requests': '1',
        'user-agent': 'Mozilla/5.0 (Windows NT 10.0; Win64; x64) AppleWebKit/537.36 (KHTML, like Gecko) Chrome/109.0.0.0 Safari/537.36',
        accept: 'text/html,application/xhtml+xml,application/xml;q=0.9,image/avif,image/webp,image/apng,*/*;q=0.8,application/signed-exchange;v=b3;q=0.9',
        'sec-fetch-site': 'none',
        'sec-fetch-mode': 'navigate',
        'sec-fetch-user': '?1',
        'sec-fetch-dest': 'document',
        'accept-encoding': 'gzip, deflate, br',
        'accept-language': 'en-US,en;q=0.9'
      },
      method: 'GET',
      httpVersion: '1.1',
      originalUrl: '/upadte',
      query: {}
    },
    res: { statusCode: 404 },
    responseTime: 5
  },
  level: 'warn',
  message: 'HTTP GET /upadte',
  timestamp: '2023-01-16T08:23:43.106Z'
}
{
  meta: {
    req: {
      url: '/update',
      headers: {
        host: 'localhost:8080',
        connection: 'keep-alive',
        'sec-ch-ua': '"Not_A Brand";v="99", "Google Chrome";v="109", "Chromium";v="109"',
        'sec-ch-ua-mobile': '?0',
        'sec-ch-ua-platform': '"Windows"',
        'upgrade-insecure-requests': '1',
        'user-agent': 'Mozilla/5.0 (Windows NT 10.0; Win64; x64) AppleWebKit/537.36 (KHTML, like Gecko) Chrome/109.0.0.0 Safari/537.36',
        accept: 'text/html,application/xhtml+xml,application/xml;q=0.9,image/avif,image/webp,image/apng,*/*;q=0.8,application/signed-exchange;v=b3;q=0.9',
        'sec-fetch-site': 'none',
        'sec-fetch-mode': 'navigate',
        'sec-fetch-user': '?1',
        'sec-fetch-dest': 'document',
        'accept-encoding': 'gzip, deflate, br',
        'accept-language': 'en-US,en;q=0.9'
      },
      method: 'GET',
      httpVersion: '1.1',
      originalUrl: '/update',
      query: {}
    },
    res: { statusCode: 500 },
    responseTime: 6
  },
  level: 'error',
  message: 'HTTP GET /update',
  timestamp: '2023-01-16T08:23:50.155Z'
}
{
  meta: {
    req: {
      url: '/reports',
      headers: {
        host: 'localhost:8080',
        connection: 'keep-alive',
        'sec-ch-ua': '"Not_A Brand";v="99", "Google Chrome";v="109", "Chromium";v="109"',
        'sec-ch-ua-mobile': '?0',
        'sec-ch-ua-platform': '"Windows"',
        'upgrade-insecure-requests': '1',
        'user-agent': 'Mozilla/5.0 (Windows NT 10.0; Win64; x64) AppleWebKit/537.36 (KHTML, like Gecko) Chrome/109.0.0.0 Safari/537.36',
        accept: 'text/html,application/xhtml+xml,application/xml;q=0.9,image/avif,image/webp,image/apng,*/*;q=0.8,application/signed-exchange;v=b3;q=0.9',
        purpose: 'prefetch',
        'sec-fetch-site': 'none',
        'sec-fetch-mode': 'navigate',
        'sec-fetch-user': '?1',
        'sec-fetch-dest': 'document',
        'accept-encoding': 'gzip, deflate, br',
        'accept-language': 'en-US,en;q=0.9'
      },
      method: 'GET',
      httpVersion: '1.1',
      originalUrl: '/reports',
      query: {}
    },
    res: { statusCode: 401 },
    responseTime: 2
  },
  level: 'warn',
  message: 'HTTP GET /reports',
  timestamp: '2023-01-16T08:25:11.010Z'
}
{
  meta: {
    req: {
      url: '/reports',
      headers: {
        host: 'localhost:8080',
        connection: 'keep-alive',
        'sec-ch-ua': '"Not_A Brand";v="99", "Google Chrome";v="109", "Chromium";v="109"',
        'sec-ch-ua-mobile': '?0',
        'sec-ch-ua-platform': '"Windows"',
        'upgrade-insecure-requests': '1',
        'user-agent': 'Mozilla/5.0 (Windows NT 10.0; Win64; x64) AppleWebKit/537.36 (KHTML, like Gecko) Chrome/109.0.0.0 Safari/537.36',
        accept: 'text/html,application/xhtml+xml,application/xml;q=0.9,image/avif,image/webp,image/apng,*/*;q=0.8,application/signed-exchange;v=b3;q=0.9',
        'sec-fetch-site': 'none',
        'sec-fetch-mode': 'navigate',
        'sec-fetch-user': '?1',
        'sec-fetch-dest': 'document',
        'accept-encoding': 'gzip, deflate, br',
        'accept-language': 'en-US,en;q=0.9'
      },
      method: 'GET',
      httpVersion: '1.1',
      originalUrl: '/reports',
      query: {}
    },
    res: { statusCode: 401 },
    responseTime: 0
  },
  level: 'warn',
  message: 'HTTP GET /reports',
  timestamp: '2023-01-16T08:25:11.235Z'
}
